{
  message: "Error: Function:getPaymentsDetails :, You have an error in your SQL syntax; check the manual that corresponds to your MySQL server version for the right syntax to use near '.guest g\n" +
    'LEFT JOIN \n' +
    "    trip_tracker_63dfd70c_6454_4d44_ae28_5d2a12235c3f..payme' at line 26",
  level: 'error',
  timestamp: '2024-12-19T17:41:20.862Z'
}
{
  message: "Error: Function:getPaymentsDetails :, Unknown column 'p' in 'on clause'",
  level: 'error',
  timestamp: '2024-12-19T21:16:33.155Z'
}
{
  message: 'Error: Function:getCategory :, undefined',
  level: 'error',
  timestamp: '2024-12-24T21:09:12.511Z'
}
{
  message: 'Error: Function:getCategory :, undefined',
  level: 'error',
  timestamp: '2024-12-24T21:09:40.415Z'
}
{
  message: 'Error: Function:getCategory :, undefined',
  level: 'error',
  timestamp: '2024-12-24T21:10:48.735Z'
}
{
  message: 'Error: Function:updateStartEndAndDate :, undefined',
  level: 'error',
  timestamp: '2024-12-25T11:39:30.299Z'
}
{
  message: 'Error: Function:updateStartEndAndDate :, undefined',
  level: 'error',
  timestamp: '2024-12-25T11:43:29.535Z'
}
{
  message: 'Error: Function:addPayments :, undefined',
  level: 'error',
  timestamp: '2024-12-26T08:11:23.375Z'
}
{
  message: "Error: Function:addFlightsDetails :, Unknown column 'arrival_date' in 'field list'",
  level: 'error',
  timestamp: '2024-12-26T08:11:45.569Z'
}
{
  message: "Error: Function:addFlightsDetails :, Unknown column 'arrival_date' in 'field list'",
  level: 'error',
  timestamp: '2024-12-26T08:11:53.207Z'
}
{
  message: 'Error: Function:addPayments :, undefined',
  level: 'error',
  timestamp: '2024-12-26T08:27:33.845Z'
}
{
  message: 'Error: Function:addPayments :, undefined',
  level: 'error',
  timestamp: '2024-12-26T08:28:06.531Z'
}
{
  message: "Error: Function:removeAllUserAssignRoom :, You have an error in your SQL syntax; check the manual that corresponds to your MySQL server version for the right syntax to use near 'WHERE room_id = ? And family_id = ?' at line 1",
  level: 'error',
  timestamp: '2024-12-26T09:37:07.369Z'
}
{
  message: "Error: Function:assignMainRoom :, Unknown column 'week_chosen' in 'field list'",
  level: 'error',
  timestamp: '2024-12-26T12:07:58.444Z'
}
{
  message: "Error: Function:assignMainRoom :, Unknown column 'week_chosen' in 'field list'",
  level: 'error',
  timestamp: '2024-12-26T12:07:58.450Z'
}
{
  message: "Error: Function:assignMainRoom :, Field 'week_chosen' doesn't have a default value",
  level: 'error',
  timestamp: '2024-12-27T09:16:44.738Z'
}
{
  message: "Error: Function:assignMainRoom :, Field 'week_chosen' doesn't have a default value",
  level: 'error',
  timestamp: '2024-12-27T09:16:44.744Z'
}
{
  message: 'Error: Function:addFutureExpenses :, Malformed communication packet.',
  level: 'error',
  timestamp: '2025-01-07T20:57:23.520Z'
}
{
  message: 'Error: Function:addFutureExpenses :, Malformed communication packet.',
  level: 'error',
  timestamp: '2025-01-07T20:57:46.715Z'
}
{
  message: 'Error: Function:addFutureExpenses :, Malformed communication packet.',
  level: 'error',
  timestamp: '2025-01-07T20:57:46.723Z'
}
{
  message: 'Error: Function:addFutureExpenses :, Malformed communication packet.',
  level: 'error',
  timestamp: '2025-01-07T20:57:46.728Z'
}
{
  message: 'Error: Function:addFutureExpenses :, Malformed communication packet.',
  level: 'error',
  timestamp: '2025-01-07T20:57:46.731Z'
}
{
  message: 'Error: Function:addFutureExpenses :, undefined',
  level: 'error',
  timestamp: '2025-01-07T21:05:06.848Z'
}
{
  message: 'Error: Function:addFutureExpenses :, undefined',
  level: 'error',
  timestamp: '2025-01-07T21:05:06.855Z'
}
{
  message: "Error: Function:addFutureExpenses :, Unknown column 'expectedExpenditure_ils' in 'field list'",
  level: 'error',
  timestamp: '2025-01-07T21:08:58.533Z'
}
{
  message: "Error: Function:addFutureExpenses :, Unknown column 'expectedExpenditure_ils' in 'field list'",
  level: 'error',
  timestamp: '2025-01-07T21:08:58.540Z'
}
{
  message: "Error: Function:addFutureExpenses :, Unknown database 'trip_tracker_undefined'",
  level: 'error',
  timestamp: '2025-01-08T08:32:06.282Z'
}
{
  message: "Error: Function:addFutureExpenses :, Unknown database 'trip_tracker_undefined'",
  level: 'error',
  timestamp: '2025-01-08T08:32:11.281Z'
}
{
  message: "Error: Function:addFutureExpenses :, Unknown database 'trip_tracker_undefined'",
  level: 'error',
  timestamp: '2025-01-08T08:33:19.688Z'
}
{
  message: "Error: Function:addFutureExpenses :, Unknown column 'fe.expenditure' in 'field list'",
  level: 'error',
  timestamp: '2025-01-08T09:38:07.813Z'
}
{
  message: "Error: Function:getFutureExpenses :, Unknown column 'fe.expenditure' in 'field list'",
  level: 'error',
  timestamp: '2025-01-08T09:38:51.527Z'
}
{
  message: 'Error: Function:updateStartEndAndDate :, undefined',
  level: 'error',
  timestamp: '2025-01-08T11:55:24.856Z'
}
{
  message: "Error: Function:addPayments :, Data too long for column 'remains_to_be_paid' at row 1",
  level: 'error',
  timestamp: '2025-01-08T11:56:32.547Z'
}
{
  message: 'Error: Function:addNotes :, undefined',
  level: 'error',
  timestamp: '2025-01-08T11:56:34.803Z'
}
{
  message: 'Error: Function:addPayments :, undefined',
  level: 'error',
  timestamp: '2025-01-08T11:57:28.369Z'
}
{
  message: 'Error: Function:addPayments :, undefined',
  level: 'error',
  timestamp: '2025-01-08T11:59:06.922Z'
}
{
  message: "Error: Function:getFutureExpenses :, Unknown column 'fe.expenditure' in 'field list'",
  level: 'error',
  timestamp: '2025-01-23T20:45:28.089Z'
}
{
  message: "Error: Function:getExpenses :, Table 'trip_tracker_63dfd70c_6454_4d44_ae28_5d2a12235c3f.expenses' doesn't exist",
  level: 'error',
  timestamp: '2025-01-23T20:45:28.144Z'
}
{
  message: "Error: Function:getFamilies :, Unknown database 'trip_tracker_lasmi'",
  level: 'error',
  timestamp: '2025-01-23T21:10:03.772Z'
}
{
  message: "Error: Function:getFutureExpenses :, Unknown column 'fe.expenditure' in 'field list'",
  level: 'error',
  timestamp: '2025-01-25T18:15:35.860Z'
}
{
  message: "Error: Function:getExpenses :, Table 'trip_tracker_63dfd70c_6454_4d44_ae28_5d2a12235c3f.expenses' doesn't exist",
  level: 'error',
  timestamp: '2025-01-25T18:15:35.872Z'
}
{
  message: "Error: Function:getFutureExpenses :, Unknown column 'fe.expenditure' in 'field list'",
  level: 'error',
  timestamp: '2025-01-25T18:18:02.504Z'
}
{
  message: "Error: Function:getFutureExpenses :, Table 'trip_tracker_7ede9a79_2fe8_4ac1_b0a7_978647f1cf94.expenses_category' doesn't exist",
  level: 'error',
  timestamp: '2025-01-25T18:25:18.733Z'
}
{
  message: "Error: Function:getExpenses :, Table 'trip_tracker_7ede9a79_2fe8_4ac1_b0a7_978647f1cf94.expenses_category' doesn't exist",
  level: 'error',
  timestamp: '2025-01-25T18:25:18.741Z'
}
